SF:lib/main.dart
DA:4,0
DA:5,0
DA:9,2
DA:11,1
DA:13,1
DA:15,1
DA:16,1
DA:17,1
LF:8
LH:6
end_of_record
SF:lib/widgets/character_item_wg.dart
DA:4,1
DA:11,1
DA:13,1
DA:14,1
DA:15,1
DA:17,1
DA:18,1
DA:19,1
DA:20,1
DA:21,2
DA:25,1
DA:26,1
DA:27,1
DA:28,1
DA:29,1
DA:30,1
DA:31,2
LF:17
LH:17
end_of_record
SF:lib/screens/home_screen.dart
DA:6,1
DA:18,1
DA:20,2
DA:21,1
DA:22,1
DA:24,1
DA:25,1
DA:29,1
DA:30,1
DA:32,1
DA:34,1
DA:36,1
DA:44,1
DA:47,2
DA:48,1
DA:49,1
DA:51,1
DA:53,1
DA:58,1
DA:60,1
DA:61,1
DA:62,1
DA:63,1
DA:64,1
DA:65,2
DA:66,2
DA:69,1
DA:70,1
DA:71,2
LF:29
LH:29
end_of_record
SF:lib/screens/second_screen.dart
DA:5,1
DA:8,1
DA:10,1
DA:11,1
DA:13,1
DA:14,1
DA:19,1
DA:20,1
DA:21,2
LF:9
LH:9
end_of_record
